<?xml version="1.0" encoding="UTF-8"?>
<testsuite name="AppTest" tests="1" skipped="0" failures="0" errors="0" timestamp="2016-02-12T17:13:46" hostname="epicodus-65.local" time="0.001">
  <properties/>
  <testcase name="replaceVowel_replacesVowelAEIOUWithDash_vowelsToDashes" classname="AppTest" time="0.001"/>
  <system-out><![CDATA[]]></system-out>
  <system-err><![CDATA[]]></system-err>
</testsuite>
